IMLib/build/intermediates/manifest_merge_blame_file/debug/manifest-merger-blame-debug-report.txt
1<?xml version="1.0" encoding="utf-8"?>
2<manifest xmlns:android="http://schemas.android.com/apk/res/android"
3    package="io.rong.imlib"
4    android:versionCode="2019102520"
5    android:versionName="2.10.0 release" >
6
7    <uses-sdk
8        android:minSdkVersion="21"
8-->IM\IMLib\AndroidManifest.xml
9        android:targetSdkVersion="23" />
9-->IM\IMLib\AndroidManifest.xml
10
11    <!-- 保存图片，拍照等 -->
12    <uses-permission android:name="android.permission.WRITE_EXTERNAL_STORAGE" />
12-->IM\IMLib\AndroidManifest.xml:5:5-81
12-->IM\IMLib\AndroidManifest.xml:5:22-78
13    <!-- 网络 -->
14    <uses-permission android:name="android.permission.INTERNET" />
14-->IM\IMLib\AndroidManifest.xml:7:5-67
14-->IM\IMLib\AndroidManifest.xml:7:22-64
15    <uses-permission android:name="android.permission.ACCESS_NETWORK_STATE" />
15-->IM\IMLib\AndroidManifest.xml:8:5-79
15-->IM\IMLib\AndroidManifest.xml:8:22-76
16    <uses-permission android:name="android.permission.ACCESS_WIFI_STATE" />
16-->IM\IMLib\AndroidManifest.xml:9:5-76
16-->IM\IMLib\AndroidManifest.xml:9:22-73
17    <!-- 消息通道保活 -->
18    <uses-permission android:name="android.permission.WAKE_LOCK" />
18-->IM\IMLib\AndroidManifest.xml:11:5-68
18-->IM\IMLib\AndroidManifest.xml:11:22-65
19    <!-- 定位，如果您不需要定位相关的功能，可以删掉 -->
20    <uses-permission android:name="android.permission.ACCESS_FINE_LOCATION" />
20-->IM\IMLib\AndroidManifest.xml:13:5-79
20-->IM\IMLib\AndroidManifest.xml:13:22-76
21
22    <application>
22-->IM\IMLib\AndroidManifest.xml:15:5-64:19
23
24        <!-- imlib config begin -->
25        <meta-data
25-->IM\IMLib\AndroidManifest.xml:18:9-20:45
26            android:name="RONG_CLOUD_APP_KEY"
26-->IM\IMLib\AndroidManifest.xml:19:13-46
27            android:value="vnroth0kvbimo" />
27-->IM\IMLib\AndroidManifest.xml:20:13-42
28
29        <service
29-->IM\IMLib\AndroidManifest.xml:22:9-25:38
30            android:name="io.rong.imlib.ipc.RongService"
30-->IM\IMLib\AndroidManifest.xml:23:13-57
31            android:exported="true"
31-->IM\IMLib\AndroidManifest.xml:24:13-36
32            android:process=":ipc" />
32-->IM\IMLib\AndroidManifest.xml:25:13-35
33
34        <receiver
34-->IM\IMLib\AndroidManifest.xml:27:9-29:39
35            android:name="io.rong.imlib.ConnectChangeReceiver"
35-->IM\IMLib\AndroidManifest.xml:28:13-63
36            android:exported="true" />
36-->IM\IMLib\AndroidManifest.xml:29:13-36
37        <receiver
37-->IM\IMLib\AndroidManifest.xml:31:9-33:38
38            android:name="io.rong.imlib.HeartbeatReceiver"
38-->IM\IMLib\AndroidManifest.xml:32:13-59
39            android:process=":ipc" />
39-->IM\IMLib\AndroidManifest.xml:33:13-35
40        <!-- imlib config end -->
41
42
43        <!-- 必选： SDK 核心功能 -->
44        <service
44-->IM\IMLib\AndroidManifest.xml:37:9-41:46
45            android:name="io.rong.push.rongpush.PushService"
45-->IM\IMLib\AndroidManifest.xml:38:13-61
46            android:exported="true"
46-->IM\IMLib\AndroidManifest.xml:39:13-36
47            android:permission="android.permission.BIND_JOB_SERVICE"
47-->IM\IMLib\AndroidManifest.xml:40:13-69
48            android:process="io.rong.push" />
48-->IM\IMLib\AndroidManifest.xml:41:13-43
49
50        <!-- push 相关事件接收器 -->
51        <receiver
51-->IM\IMLib\AndroidManifest.xml:44:9-59:20
52            android:name="io.rong.push.rongpush.PushReceiver"
52-->IM\IMLib\AndroidManifest.xml:45:13-62
53            android:process="io.rong.push" > <!-- 此处进程可以改名，名称需要和PushService所在进程统一 -->
53-->IM\IMLib\AndroidManifest.xml:46:13-43
54            <!-- 心跳事件和网络切换事件监听,必须 -->
55            <intent-filter>
55-->IM\IMLib\AndroidManifest.xml:48:13-51:29
56                <action android:name="io.rong.push.intent.action.HEART_BEAT" />
56-->IM\IMLib\AndroidManifest.xml:49:17-80
56-->IM\IMLib\AndroidManifest.xml:49:25-77
57                <action android:name="android.net.conn.CONNECTIVITY_CHANGE" />
57-->IM\IMLib\AndroidManifest.xml:50:17-79
57-->IM\IMLib\AndroidManifest.xml:50:25-76
58            </intent-filter>
59
60            <!-- 部分用户事件监听, 用来提高推送拉活率; 可移除 -->
61            <intent-filter>
61-->IM\IMLib\AndroidManifest.xml:54:13-58:29
62                <action android:name="android.intent.action.USER_PRESENT" />
62-->IM\IMLib\AndroidManifest.xml:55:17-77
62-->IM\IMLib\AndroidManifest.xml:55:25-74
63                <action android:name="android.intent.action.ACTION_POWER_CONNECTED" />
63-->IM\IMLib\AndroidManifest.xml:56:17-87
63-->IM\IMLib\AndroidManifest.xml:56:25-84
64                <action android:name="android.intent.action.ACTION_POWER_DISCONNECTED" />
64-->IM\IMLib\AndroidManifest.xml:57:17-90
64-->IM\IMLib\AndroidManifest.xml:57:25-87
65            </intent-filter>
66        </receiver>
67
68        <!-- 必选： SDK 核心功能 -->
69
70
71        <!-- end -->
72    </application>
73
74</manifest>